[2021/02/05-18:15:53] [main] [INFO ] [net.sunofbeach.blog.BlogApplication] : Starting BlogApplication on DESKTOP-G0F80VO with PID 8088 (E:\project\gitClonePorject\SobBlogSystem\target\classes started by JinFan in E:\project\gitClonePorject\SobBlogSystem)
[2021/02/05-18:15:53] [main] [INFO ] [net.sunofbeach.blog.BlogApplication] : The following profiles are active: dev
[2021/02/05-18:15:59] [main] [INFO ] [net.sunofbeach.blog.BlogApplication] : Started BlogApplication in 6.75 seconds (JVM running for 7.606)
[2021/02/05-18:16:30] [http-nio-2020-exec-2] [INFO ] [net.sunofbeach.blog.services.Impl.UserServicesImpl] : captcha font type ==>8
[2021/02/05-18:16:30] [http-nio-2020-exec-2] [INFO ] [net.sunofbeach.blog.services.Impl.UserServicesImpl] : captcha content == > 0
[2021/02/05-18:16:38] [http-nio-2020-exec-3] [INFO ] [net.sunofbeach.blog.services.Impl.UserServicesImpl] : sendEmail==> ip==>0:0:0:0:0:0:0:1
[2021/02/05-18:16:38] [http-nio-2020-exec-3] [INFO ] [net.sunofbeach.blog.services.Impl.UserServicesImpl] : code==>471898
[2021/02/05-18:23:39] [main] [INFO ] [net.sunofbeach.blog.BlogApplication] : Starting BlogApplication on DESKTOP-G0F80VO with PID 4476 (E:\project\gitClonePorject\SobBlogSystem\target\classes started by JinFan in E:\project\gitClonePorject\SobBlogSystem)
[2021/02/05-18:23:39] [main] [INFO ] [net.sunofbeach.blog.BlogApplication] : The following profiles are active: dev
[2021/02/05-18:23:45] [main] [INFO ] [net.sunofbeach.blog.BlogApplication] : Started BlogApplication in 6.247 seconds (JVM running for 6.902)
[2021/02/05-18:24:16] [http-nio-2020-exec-1] [INFO ] [net.sunofbeach.blog.services.Impl.UserServicesImpl] : sendEmail==> ip==>0:0:0:0:0:0:0:1
[2021/02/05-18:24:17] [http-nio-2020-exec-1] [INFO ] [net.sunofbeach.blog.services.Impl.UserServicesImpl] : code==>802827
[2021/02/05-18:25:18] [http-nio-2020-exec-5] [INFO ] [net.sunofbeach.blog.services.Impl.UserServicesImpl] : captcha font type ==>2
[2021/02/05-18:25:18] [http-nio-2020-exec-5] [INFO ] [net.sunofbeach.blog.services.Impl.UserServicesImpl] : captcha content == > ae2uw
[2021/02/05-18:25:20] [http-nio-2020-exec-6] [INFO ] [net.sunofbeach.blog.services.Impl.UserServicesImpl] : captcha font type ==>9
[2021/02/05-18:25:20] [http-nio-2020-exec-6] [INFO ] [net.sunofbeach.blog.services.Impl.UserServicesImpl] : captcha content == > kdhws
[2021/02/05-18:25:23] [http-nio-2020-exec-8] [INFO ] [net.sunofbeach.blog.services.Impl.UserServicesImpl] : captcha font type ==>6
[2021/02/05-18:25:23] [http-nio-2020-exec-8] [INFO ] [net.sunofbeach.blog.services.Impl.UserServicesImpl] : captcha content == > 2
[2021/02/05-18:29:35] [main] [INFO ] [net.sunofbeach.blog.BlogApplication] : Starting BlogApplication on DESKTOP-G0F80VO with PID 7792 (E:\project\gitClonePorject\SobBlogSystem\target\classes started by JinFan in E:\project\gitClonePorject\SobBlogSystem)
[2021/02/05-18:29:35] [main] [INFO ] [net.sunofbeach.blog.BlogApplication] : The following profiles are active: dev
[2021/02/05-18:29:40] [main] [INFO ] [net.sunofbeach.blog.BlogApplication] : Started BlogApplication in 5.703 seconds (JVM running for 6.408)
[2021/02/05-18:30:04] [http-nio-2020-exec-4] [INFO ] [net.sunofbeach.blog.services.Impl.UserServicesImpl] : sendEmail==> ip==>0:0:0:0:0:0:0:1
[2021/02/05-18:30:04] [http-nio-2020-exec-4] [INFO ] [net.sunofbeach.blog.services.Impl.UserServicesImpl] : code==>246082
[2021/02/05-18:30:14] [http-nio-2020-exec-3] [INFO ] [net.sunofbeach.blog.services.Impl.UserServicesImpl] : captcha font type ==>9
[2021/02/05-18:30:14] [http-nio-2020-exec-3] [INFO ] [net.sunofbeach.blog.services.Impl.UserServicesImpl] : captcha content == > necv8
[2021/02/05-18:30:16] [http-nio-2020-exec-2] [INFO ] [net.sunofbeach.blog.services.Impl.UserServicesImpl] : captcha font type ==>5
[2021/02/05-18:30:16] [http-nio-2020-exec-2] [INFO ] [net.sunofbeach.blog.services.Impl.UserServicesImpl] : captcha content == > 15
[2021/02/05-18:31:12] [main] [INFO ] [net.sunofbeach.blog.BlogApplication] : Starting BlogApplication on DESKTOP-G0F80VO with PID 5128 (E:\project\gitClonePorject\SobBlogSystem\target\classes started by JinFan in E:\project\gitClonePorject\SobBlogSystem)
[2021/02/05-18:31:12] [main] [INFO ] [net.sunofbeach.blog.BlogApplication] : The following profiles are active: dev
[2021/02/05-18:31:19] [main] [INFO ] [net.sunofbeach.blog.BlogApplication] : Started BlogApplication in 6.976 seconds (JVM running for 8.463)
[2021/02/05-18:32:45] [main] [INFO ] [net.sunofbeach.blog.BlogApplication] : Starting BlogApplication on DESKTOP-G0F80VO with PID 528 (E:\project\gitClonePorject\SobBlogSystem\target\classes started by JinFan in E:\project\gitClonePorject\SobBlogSystem)
[2021/02/05-18:32:45] [main] [INFO ] [net.sunofbeach.blog.BlogApplication] : The following profiles are active: dev
[2021/02/05-18:32:53] [main] [INFO ] [net.sunofbeach.blog.BlogApplication] : Started BlogApplication in 8.012 seconds (JVM running for 9.522)
[2021/02/05-18:33:13] [main] [INFO ] [net.sunofbeach.blog.BlogApplication] : Starting BlogApplication on DESKTOP-G0F80VO with PID 6716 (E:\project\gitClonePorject\SobBlogSystem\target\classes started by JinFan in E:\project\gitClonePorject\SobBlogSystem)
[2021/02/05-18:33:13] [main] [INFO ] [net.sunofbeach.blog.BlogApplication] : The following profiles are active: dev
[2021/02/05-18:33:19] [main] [INFO ] [net.sunofbeach.blog.BlogApplication] : Started BlogApplication in 6.422 seconds (JVM running for 7.478)
[2021/02/05-18:37:09] [main] [INFO ] [net.sunofbeach.blog.BlogApplication] : Starting BlogApplication on DESKTOP-G0F80VO with PID 5672 (E:\project\gitClonePorject\SobBlogSystem\target\classes started by JinFan in E:\project\gitClonePorject\SobBlogSystem)
[2021/02/05-18:37:09] [main] [INFO ] [net.sunofbeach.blog.BlogApplication] : The following profiles are active: dev
[2021/02/05-18:37:15] [main] [INFO ] [net.sunofbeach.blog.BlogApplication] : Started BlogApplication in 6.322 seconds (JVM running for 7.002)
[2021/02/05-18:38:02] [http-nio-2020-exec-3] [INFO ] [net.sunofbeach.blog.services.Impl.UserServicesImpl] : remoteAddr==>0:0:0:0:0:0:0:1
[2021/02/05-18:38:02] [http-nio-2020-exec-3] [INFO ] [net.sunofbeach.blog.services.Impl.UserServicesImpl] : localAddr==>0:0:0:0:0:0:0:1
